<?xml version="1.0" encoding="UTF-8"?>
<testng-results ignored="0" total="22" passed="22" failed="0" skipped="0">
  <reporter-output>
    <line>
      <![CDATA[[Step] Login as Admin / admin123]]>
    </line>
    <line>
      <![CDATA[[Step] Login as Admin / admin123]]>
    </line>
    <line>
      <![CDATA[[Step] Login as Admin / admin123]]>
    </line>
    <line>
      <![CDATA[[Step] Login as Admin / admin123]]>
    </line>
    <line>
      <![CDATA[[Step] Login as Admin / admin123]]>
    </line>
    <line>
      <![CDATA[[Step] Login as Admin / admin123]]>
    </line>
    <line>
      <![CDATA[[Step] Login as Admin / admin123]]>
    </line>
    <line>
      <![CDATA[[Step] Login as Admin / admin123]]>
    </line>
    <line>
      <![CDATA[[Step] Login as Admin / admin123]]>
    </line>
    <line>
      <![CDATA[[Step] Login as Admin / admin123]]>
    </line>
    <line>
      <![CDATA[[Step] Waiting for dashboard page]]>
    </line>
    <line>
      <![CDATA[[Step] Waiting for dashboard page]]>
    </line>
    <line>
      <![CDATA[[Step] Menu item visible: Dashboard]]>
    </line>
    <line>
      <![CDATA[[Step] Quick Launch shortcut visible: Assign Leave]]>
    </line>
    <line>
      <![CDATA[[Step] Waiting for dashboard page]]>
    </line>
    <line>
      <![CDATA[[Step] Waiting for dashboard page]]>
    </line>
    <line>
      <![CDATA[[Step] Waiting for dashboard page]]>
    </line>
    <line>
      <![CDATA[[Step] Quick Launch widget is visible]]>
    </line>
    <line>
      <![CDATA[[Step] Menu item visible: Time]]>
    </line>
    <line>
      <![CDATA[[Step] Waiting for dashboard page]]>
    </line>
    <line>
      <![CDATA[[Step] Dashboard heading is visible]]>
    </line>
    <line>
      <![CDATA[[Step] Dashboard heading displayed: Dashboard]]>
    </line>
    <line>
      <![CDATA[[Step] Menu item visible: Admin]]>
    </line>
    <line>
      <![CDATA[[Step] Waiting for dashboard page]]>
    </line>
    <line>
      <![CDATA[[Step] Waiting for dashboard page]]>
    </line>
    <line>
      <![CDATA[[Step] Menu item visible: PIM]]>
    </line>
    <line>
      <![CDATA[[Step] Quick Launch shortcut visible: Leave List]]>
    </line>
    <line>
      <![CDATA[[Step] Waiting for dashboard page]]>
    </line>
    <line>
      <![CDATA[[Step] Menu item visible: Leave]]>
    </line>
    <line>
      <![CDATA[[Step] Waiting for dashboard page]]>
    </line>
    <line>
      <![CDATA[[Step] Top navigation bar is visible]]>
    </line>
    <line>
      <![CDATA[[Step] Login as Admin / admin123]]>
    </line>
    <line>
      <![CDATA[[Step] Login as Admin / admin123]]>
    </line>
    <line>
      <![CDATA[[Step] Login as Admin / admin123]]>
    </line>
    <line>
      <![CDATA[[Step] Login as Admin / admin123]]>
    </line>
    <line>
      <![CDATA[[Step] Navigating to login page]]>
    </line>
    <line>
      <![CDATA[[Step] Navigating to login page]]>
    </line>
    <line>
      <![CDATA[[Step] Navigating to login page]]>
    </line>
    <line>
      <![CDATA[[Step] Entering username: invalid_user and password: invalid_pass]]>
    </line>
    <line>
      <![CDATA[[Step] Entering username: Admin and password: admin123]]>
    </line>
    <line>
      <![CDATA[[Step] Entering username: invalid_user and password: admin123]]>
    </line>
    <line>
      <![CDATA[[Step] Waiting for dashboard page]]>
    </line>
    <line>
      <![CDATA[[Step] Quick Launch shortcut visible: My Leave]]>
    </line>
    <line>
      <![CDATA[[Step] Waiting for dashboard page]]>
    </line>
    <line>
      <![CDATA[[Step] Waiting for dashboard page]]>
    </line>
    <line>
      <![CDATA[[Step] Waiting for dashboard page]]>
    </line>
    <line>
      <![CDATA[[Step] Quick Launch shortcut visible: Apply Leave]]>
    </line>
    <line>
      <![CDATA[[Step] Quick Launch shortcut visible: My Timesheet]]>
    </line>
    <line>
      <![CDATA[[Step] Quick Launch shortcut visible: Timesheets]]>
    </line>
    <line>
      <![CDATA[[Step] Error message displayed: Invalid credentials]]>
    </line>
    <line>
      <![CDATA[[Step] User redirected to dashboard]]>
    </line>
    <line>
      <![CDATA[[Step] Dashboard header displayed: Dashboard]]>
    </line>
    <line>
      <![CDATA[[Step] Error message displayed: Invalid credentials]]>
    </line>
    <line>
      <![CDATA[[Step] Navigating to login page]]>
    </line>
    <line>
      <![CDATA[[Step] Navigating to login page]]>
    </line>
    <line>
      <![CDATA[[Step] Navigating to login page]]>
    </line>
    <line>
      <![CDATA[[Step] Entering username: Admin and password: wrongpass]]>
    </line>
    <line>
      <![CDATA[[Step] Entering username:  and password: ]]>
    </line>
    <line>
      <![CDATA[[Step] Navigating to login page]]>
    </line>
    <line>
      <![CDATA[[Step] Navigating to login page]]>
    </line>
    <line>
      <![CDATA[[Step] Login using dataRef: ${loginData}]]>
    </line>
    <line>
      <![CDATA[[Step] Error message displayed: Required]]>
    </line>
    <line>
      <![CDATA[[Step] Entering username: ${username} and password: ${password}]]>
    </line>
    <line>
      <![CDATA[[Step] Error message displayed: Invalid credentials]]>
    </line>
    <line>
      <![CDATA[[Step] Entering username: ${username} and password: ${password}]]>
    </line>
    <line>
      <![CDATA[[Step] Address info: street=123 Main St, city=Anytown, state=CA, zip=12345]]>
    </line>
    <line>
      <![CDATA[[Step] User redirected to dashboard]]>
    </line>
    <line>
      <![CDATA[[Step] Dashboard header displayed: Dashboard]]>
    </line>
    <line>
      <![CDATA[[Step] Address info: street=3 Marshall St, city=Irvington, state=NJ, zip=07111]]>
    </line>
  </reporter-output>
  <suite started-at="2026-04-25T23:16:09 EDT" name="Playwright BDD TestNG Suite - DEV" finished-at="2026-04-25T23:17:27 EDT" duration-ms="78014">
    <groups>
      <group name="cucumber">
        <method signature="AbstractTestNGCucumberTests.runScenario(io.cucumber.testng.PickleWrapper,io.cucumber.testng.FeatureWrapper)[pri:0, instance:com.automation.runners.TestRunner@645aa696]" name="runScenario" class="io.cucumber.testng.AbstractTestNGCucumberTests"/>
      </group> <!-- cucumber -->
    </groups>
    <test started-at="2026-04-25T23:16:09 EDT" name="DEV_Execution" finished-at="2026-04-25T23:17:27 EDT" duration-ms="78014">
      <class name="com.automation.runners.TestRunner">
        <test-method is-config="true" signature="setUpClass(org.testng.ITestContext)[pri:0, instance:com.automation.runners.TestRunner@645aa696]" started-at="2026-04-25T23:16:09 EDT" name="setUpClass" finished-at="2026-04-25T23:16:09 EDT" duration-ms="403" status="PASS">
          <params>
            <param index="0">
              <value>
                <![CDATA[org.testng.TestRunner@12591ac8]]>
              </value>
            </param>
          </params>
          <reporter-output>
          </reporter-output>
        </test-method> <!-- setUpClass -->
        <test-method signature="runScenario(io.cucumber.testng.PickleWrapper,io.cucumber.testng.FeatureWrapper)[pri:0, instance:com.automation.runners.TestRunner@645aa696]" started-at="2026-04-25T23:16:09 EDT" name="runScenario" description="Runs Cucumber Scenarios" data-provider="scenarios" finished-at="2026-04-25T23:16:50 EDT" duration-ms="40050" status="PASS">
          <params>
            <param index="0">
              <value>
                <![CDATA["Dashboard page 05: All Quick Launch shortcuts are visible"]]>
              </value>
            </param>
            <param index="1">
              <value>
                <![CDATA["Dashboard Page Functionality"]]>
              </value>
            </param>
          </params>
          <reporter-output>
            <line>
              <![CDATA[[Step] Login as Admin / admin123]]>
            </line>
            <line>
              <![CDATA[[Step] Waiting for dashboard page]]>
            </line>
            <line>
              <![CDATA[[Step] Quick Launch shortcut visible: Leave List]]>
            </line>
          </reporter-output>
        </test-method> <!-- runScenario -->
        <test-method signature="runScenario(io.cucumber.testng.PickleWrapper,io.cucumber.testng.FeatureWrapper)[pri:0, instance:com.automation.runners.TestRunner@645aa696]" started-at="2026-04-25T23:16:09 EDT" name="runScenario" description="Runs Cucumber Scenarios" data-provider="scenarios" finished-at="2026-04-25T23:16:49 EDT" duration-ms="39398" status="PASS">
          <params>
            <param index="0">
              <value>
                <![CDATA["Dashboard page 05: All Quick Launch shortcuts are visible"]]>
              </value>
            </param>
            <param index="1">
              <value>
                <![CDATA["Dashboard Page Functionality"]]>
              </value>
            </param>
          </params>
          <reporter-output>
            <line>
              <![CDATA[[Step] Login as Admin / admin123]]>
            </line>
            <line>
              <![CDATA[[Step] Waiting for dashboard page]]>
            </line>
            <line>
              <![CDATA[[Step] Quick Launch shortcut visible: Assign Leave]]>
            </line>
          </reporter-output>
        </test-method> <!-- runScenario -->
        <test-method signature="runScenario(io.cucumber.testng.PickleWrapper,io.cucumber.testng.FeatureWrapper)[pri:0, instance:com.automation.runners.TestRunner@645aa696]" started-at="2026-04-25T23:16:09 EDT" name="runScenario" description="Runs Cucumber Scenarios" data-provider="scenarios" finished-at="2026-04-25T23:17:07 EDT" duration-ms="57956" status="PASS">
          <params>
            <param index="0">
              <value>
                <![CDATA["Dashboard page 03: Top navigation menu items are visible"]]>
              </value>
            </param>
            <param index="1">
              <value>
                <![CDATA["Dashboard Page Functionality"]]>
              </value>
            </param>
          </params>
          <reporter-output>
            <line>
              <![CDATA[[Step] Login as Admin / admin123]]>
            </line>
            <line>
              <![CDATA[[Step] Waiting for dashboard page]]>
            </line>
            <line>
              <![CDATA[[Step] Menu item visible: Leave]]>
            </line>
          </reporter-output>
        </test-method> <!-- runScenario -->
        <test-method signature="runScenario(io.cucumber.testng.PickleWrapper,io.cucumber.testng.FeatureWrapper)[pri:0, instance:com.automation.runners.TestRunner@645aa696]" started-at="2026-04-25T23:16:09 EDT" name="runScenario" description="Runs Cucumber Scenarios" data-provider="scenarios" finished-at="2026-04-25T23:16:48 EDT" duration-ms="38686" status="PASS">
          <params>
            <param index="0">
              <value>
                <![CDATA["Dashboard page 03: Top navigation menu items are visible"]]>
              </value>
            </param>
            <param index="1">
              <value>
                <![CDATA["Dashboard Page Functionality"]]>
              </value>
            </param>
          </params>
          <reporter-output>
            <line>
              <![CDATA[[Step] Login as Admin / admin123]]>
            </line>
            <line>
              <![CDATA[[Step] Waiting for dashboard page]]>
            </line>
            <line>
              <![CDATA[[Step] Menu item visible: PIM]]>
            </line>
          </reporter-output>
        </test-method> <!-- runScenario -->
        <test-method signature="runScenario(io.cucumber.testng.PickleWrapper,io.cucumber.testng.FeatureWrapper)[pri:0, instance:com.automation.runners.TestRunner@645aa696]" started-at="2026-04-25T23:16:09 EDT" name="runScenario" description="Runs Cucumber Scenarios" data-provider="scenarios" finished-at="2026-04-25T23:16:48 EDT" duration-ms="38243" status="PASS">
          <params>
            <param index="0">
              <value>
                <![CDATA["Dashboard page 03: Top navigation menu items are visible"]]>
              </value>
            </param>
            <param index="1">
              <value>
                <![CDATA["Dashboard Page Functionality"]]>
              </value>
            </param>
          </params>
          <reporter-output>
            <line>
              <![CDATA[[Step] Login as Admin / admin123]]>
            </line>
            <line>
              <![CDATA[[Step] Waiting for dashboard page]]>
            </line>
            <line>
              <![CDATA[[Step] Menu item visible: Time]]>
            </line>
          </reporter-output>
        </test-method> <!-- runScenario -->
        <test-method signature="runScenario(io.cucumber.testng.PickleWrapper,io.cucumber.testng.FeatureWrapper)[pri:0, instance:com.automation.runners.TestRunner@645aa696]" started-at="2026-04-25T23:16:09 EDT" name="runScenario" description="Runs Cucumber Scenarios" data-provider="scenarios" finished-at="2026-04-25T23:16:48 EDT" duration-ms="38640" status="PASS">
          <params>
            <param index="0">
              <value>
                <![CDATA["Dashboard page 01: Dashboard page heading is displayed"]]>
              </value>
            </param>
            <param index="1">
              <value>
                <![CDATA["Dashboard Page Functionality"]]>
              </value>
            </param>
          </params>
          <reporter-output>
            <line>
              <![CDATA[[Step] Login as Admin / admin123]]>
            </line>
            <line>
              <![CDATA[[Step] Waiting for dashboard page]]>
            </line>
            <line>
              <![CDATA[[Step] Dashboard heading is visible]]>
            </line>
            <line>
              <![CDATA[[Step] Dashboard heading displayed: Dashboard]]>
            </line>
          </reporter-output>
        </test-method> <!-- runScenario -->
        <test-method signature="runScenario(io.cucumber.testng.PickleWrapper,io.cucumber.testng.FeatureWrapper)[pri:0, instance:com.automation.runners.TestRunner@645aa696]" started-at="2026-04-25T23:16:09 EDT" name="runScenario" description="Runs Cucumber Scenarios" data-provider="scenarios" finished-at="2026-04-25T23:17:08 EDT" duration-ms="58198" status="PASS">
          <params>
            <param index="0">
              <value>
                <![CDATA["Dashboard page 03: Top navigation menu items are visible"]]>
              </value>
            </param>
            <param index="1">
              <value>
                <![CDATA["Dashboard Page Functionality"]]>
              </value>
            </param>
          </params>
          <reporter-output>
            <line>
              <![CDATA[[Step] Login as Admin / admin123]]>
            </line>
            <line>
              <![CDATA[[Step] Waiting for dashboard page]]>
            </line>
            <line>
              <![CDATA[[Step] Menu item visible: Admin]]>
            </line>
          </reporter-output>
        </test-method> <!-- runScenario -->
        <test-method signature="runScenario(io.cucumber.testng.PickleWrapper,io.cucumber.testng.FeatureWrapper)[pri:0, instance:com.automation.runners.TestRunner@645aa696]" started-at="2026-04-25T23:16:09 EDT" name="runScenario" description="Runs Cucumber Scenarios" data-provider="scenarios" finished-at="2026-04-25T23:16:48 EDT" duration-ms="38613" status="PASS">
          <params>
            <param index="0">
              <value>
                <![CDATA["Dashboard page 04: Quick Launch widget is displayed"]]>
              </value>
            </param>
            <param index="1">
              <value>
                <![CDATA["Dashboard Page Functionality"]]>
              </value>
            </param>
          </params>
          <reporter-output>
            <line>
              <![CDATA[[Step] Login as Admin / admin123]]>
            </line>
            <line>
              <![CDATA[[Step] Waiting for dashboard page]]>
            </line>
            <line>
              <![CDATA[[Step] Quick Launch widget is visible]]>
            </line>
          </reporter-output>
        </test-method> <!-- runScenario -->
        <test-method signature="runScenario(io.cucumber.testng.PickleWrapper,io.cucumber.testng.FeatureWrapper)[pri:0, instance:com.automation.runners.TestRunner@645aa696]" started-at="2026-04-25T23:16:09 EDT" name="runScenario" description="Runs Cucumber Scenarios" data-provider="scenarios" finished-at="2026-04-25T23:17:08 EDT" duration-ms="58805" status="PASS">
          <params>
            <param index="0">
              <value>
                <![CDATA["Dashboard page 02: Top navigation bar is visible on the dashboard"]]>
              </value>
            </param>
            <param index="1">
              <value>
                <![CDATA["Dashboard Page Functionality"]]>
              </value>
            </param>
          </params>
          <reporter-output>
            <line>
              <![CDATA[[Step] Login as Admin / admin123]]>
            </line>
            <line>
              <![CDATA[[Step] Waiting for dashboard page]]>
            </line>
            <line>
              <![CDATA[[Step] Top navigation bar is visible]]>
            </line>
          </reporter-output>
        </test-method> <!-- runScenario -->
        <test-method signature="runScenario(io.cucumber.testng.PickleWrapper,io.cucumber.testng.FeatureWrapper)[pri:0, instance:com.automation.runners.TestRunner@645aa696]" started-at="2026-04-25T23:16:09 EDT" name="runScenario" description="Runs Cucumber Scenarios" data-provider="scenarios" finished-at="2026-04-25T23:16:50 EDT" duration-ms="40422" status="PASS">
          <params>
            <param index="0">
              <value>
                <![CDATA["Dashboard page 03: Top navigation menu items are visible"]]>
              </value>
            </param>
            <param index="1">
              <value>
                <![CDATA["Dashboard Page Functionality"]]>
              </value>
            </param>
          </params>
          <reporter-output>
            <line>
              <![CDATA[[Step] Login as Admin / admin123]]>
            </line>
            <line>
              <![CDATA[[Step] Waiting for dashboard page]]>
            </line>
            <line>
              <![CDATA[[Step] Menu item visible: Dashboard]]>
            </line>
          </reporter-output>
        </test-method> <!-- runScenario -->
        <test-method signature="runScenario(io.cucumber.testng.PickleWrapper,io.cucumber.testng.FeatureWrapper)[pri:0, instance:com.automation.runners.TestRunner@645aa696]" started-at="2026-04-25T23:16:48 EDT" name="runScenario" description="Runs Cucumber Scenarios" data-provider="scenarios" finished-at="2026-04-25T23:17:09 EDT" duration-ms="21008" status="PASS">
          <params>
            <param index="0">
              <value>
                <![CDATA["Dashboard page 05: All Quick Launch shortcuts are visible"]]>
              </value>
            </param>
            <param index="1">
              <value>
                <![CDATA["Dashboard Page Functionality"]]>
              </value>
            </param>
          </params>
          <reporter-output>
            <line>
              <![CDATA[[Step] Login as Admin / admin123]]>
            </line>
            <line>
              <![CDATA[[Step] Waiting for dashboard page]]>
            </line>
            <line>
              <![CDATA[[Step] Quick Launch shortcut visible: Timesheets]]>
            </line>
          </reporter-output>
        </test-method> <!-- runScenario -->
        <test-method signature="runScenario(io.cucumber.testng.PickleWrapper,io.cucumber.testng.FeatureWrapper)[pri:0, instance:com.automation.runners.TestRunner@645aa696]" started-at="2026-04-25T23:16:48 EDT" name="runScenario" description="Runs Cucumber Scenarios" data-provider="scenarios" finished-at="2026-04-25T23:17:17 EDT" duration-ms="28788" status="PASS">
          <params>
            <param index="0">
              <value>
                <![CDATA["Dashboard page 05: All Quick Launch shortcuts are visible"]]>
              </value>
            </param>
            <param index="1">
              <value>
                <![CDATA["Dashboard Page Functionality"]]>
              </value>
            </param>
          </params>
          <reporter-output>
            <line>
              <![CDATA[[Step] Login as Admin / admin123]]>
            </line>
            <line>
              <![CDATA[[Step] Waiting for dashboard page]]>
            </line>
            <line>
              <![CDATA[[Step] Quick Launch shortcut visible: Apply Leave]]>
            </line>
          </reporter-output>
        </test-method> <!-- runScenario -->
        <test-method signature="runScenario(io.cucumber.testng.PickleWrapper,io.cucumber.testng.FeatureWrapper)[pri:0, instance:com.automation.runners.TestRunner@645aa696]" started-at="2026-04-25T23:16:48 EDT" name="runScenario" description="Runs Cucumber Scenarios" data-provider="scenarios" finished-at="2026-04-25T23:17:09 EDT" duration-ms="20536" status="PASS">
          <params>
            <param index="0">
              <value>
                <![CDATA["Dashboard page 05: All Quick Launch shortcuts are visible"]]>
              </value>
            </param>
            <param index="1">
              <value>
                <![CDATA["Dashboard Page Functionality"]]>
              </value>
            </param>
          </params>
          <reporter-output>
            <line>
              <![CDATA[[Step] Login as Admin / admin123]]>
            </line>
            <line>
              <![CDATA[[Step] Waiting for dashboard page]]>
            </line>
            <line>
              <![CDATA[[Step] Quick Launch shortcut visible: My Leave]]>
            </line>
          </reporter-output>
        </test-method> <!-- runScenario -->
        <test-method signature="runScenario(io.cucumber.testng.PickleWrapper,io.cucumber.testng.FeatureWrapper)[pri:0, instance:com.automation.runners.TestRunner@645aa696]" started-at="2026-04-25T23:16:48 EDT" name="runScenario" description="Runs Cucumber Scenarios" data-provider="scenarios" finished-at="2026-04-25T23:17:17 EDT" duration-ms="29017" status="PASS">
          <params>
            <param index="0">
              <value>
                <![CDATA["Dashboard page 05: All Quick Launch shortcuts are visible"]]>
              </value>
            </param>
            <param index="1">
              <value>
                <![CDATA["Dashboard Page Functionality"]]>
              </value>
            </param>
          </params>
          <reporter-output>
            <line>
              <![CDATA[[Step] Login as Admin / admin123]]>
            </line>
            <line>
              <![CDATA[[Step] Waiting for dashboard page]]>
            </line>
            <line>
              <![CDATA[[Step] Quick Launch shortcut visible: My Timesheet]]>
            </line>
          </reporter-output>
        </test-method> <!-- runScenario -->
        <test-method signature="runScenario(io.cucumber.testng.PickleWrapper,io.cucumber.testng.FeatureWrapper)[pri:0, instance:com.automation.runners.TestRunner@645aa696]" started-at="2026-04-25T23:16:49 EDT" name="runScenario" description="Runs Cucumber Scenarios" data-provider="scenarios" finished-at="2026-04-25T23:17:18 EDT" duration-ms="28947" status="PASS">
          <params>
            <param index="0">
              <value>
                <![CDATA["LoginPage 01: Successful login with valid credentials"]]>
              </value>
            </param>
            <param index="1">
              <value>
                <![CDATA["Login Functionality"]]>
              </value>
            </param>
          </params>
          <reporter-output>
            <line>
              <![CDATA[[Step] Navigating to login page]]>
            </line>
            <line>
              <![CDATA[[Step] Entering username: Admin and password: admin123]]>
            </line>
            <line>
              <![CDATA[[Step] User redirected to dashboard]]>
            </line>
            <line>
              <![CDATA[[Step] Dashboard header displayed: Dashboard]]>
            </line>
          </reporter-output>
        </test-method> <!-- runScenario -->
        <test-method signature="runScenario(io.cucumber.testng.PickleWrapper,io.cucumber.testng.FeatureWrapper)[pri:0, instance:com.automation.runners.TestRunner@645aa696]" started-at="2026-04-25T23:16:50 EDT" name="runScenario" description="Runs Cucumber Scenarios" data-provider="scenarios" finished-at="2026-04-25T23:17:09 EDT" duration-ms="19282" status="PASS">
          <params>
            <param index="0">
              <value>
                <![CDATA["LoginPage 02: Login with invalid credentials"]]>
              </value>
            </param>
            <param index="1">
              <value>
                <![CDATA["Login Functionality"]]>
              </value>
            </param>
          </params>
          <reporter-output>
            <line>
              <![CDATA[[Step] Navigating to login page]]>
            </line>
            <line>
              <![CDATA[[Step] Entering username: invalid_user and password: invalid_pass]]>
            </line>
            <line>
              <![CDATA[[Step] Error message displayed: Invalid credentials]]>
            </line>
          </reporter-output>
        </test-method> <!-- runScenario -->
        <test-method signature="runScenario(io.cucumber.testng.PickleWrapper,io.cucumber.testng.FeatureWrapper)[pri:0, instance:com.automation.runners.TestRunner@645aa696]" started-at="2026-04-25T23:16:50 EDT" name="runScenario" description="Runs Cucumber Scenarios" data-provider="scenarios" finished-at="2026-04-25T23:17:18 EDT" duration-ms="27885" status="PASS">
          <params>
            <param index="0">
              <value>
                <![CDATA["LoginPage 03: Login attempts with multiple invalid credential sets"]]>
              </value>
            </param>
            <param index="1">
              <value>
                <![CDATA["Login Functionality"]]>
              </value>
            </param>
          </params>
          <reporter-output>
            <line>
              <![CDATA[[Step] Navigating to login page]]>
            </line>
            <line>
              <![CDATA[[Step] Entering username: invalid_user and password: admin123]]>
            </line>
            <line>
              <![CDATA[[Step] Error message displayed: Invalid credentials]]>
            </line>
          </reporter-output>
        </test-method> <!-- runScenario -->
        <test-method signature="runScenario(io.cucumber.testng.PickleWrapper,io.cucumber.testng.FeatureWrapper)[pri:0, instance:com.automation.runners.TestRunner@645aa696]" started-at="2026-04-25T23:17:07 EDT" name="runScenario" description="Runs Cucumber Scenarios" data-provider="scenarios" finished-at="2026-04-25T23:17:21 EDT" duration-ms="13226" status="PASS">
          <params>
            <param index="0">
              <value>
                <![CDATA["LoginPage 03: Login attempts with multiple invalid credential sets"]]>
              </value>
            </param>
            <param index="1">
              <value>
                <![CDATA["Login Functionality"]]>
              </value>
            </param>
          </params>
          <reporter-output>
            <line>
              <![CDATA[[Step] Navigating to login page]]>
            </line>
            <line>
              <![CDATA[[Step] Entering username: Admin and password: wrongpass]]>
            </line>
            <line>
              <![CDATA[[Step] Error message displayed: Invalid credentials]]>
            </line>
          </reporter-output>
        </test-method> <!-- runScenario -->
        <test-method signature="runScenario(io.cucumber.testng.PickleWrapper,io.cucumber.testng.FeatureWrapper)[pri:0, instance:com.automation.runners.TestRunner@645aa696]" started-at="2026-04-25T23:17:08 EDT" name="runScenario" description="Runs Cucumber Scenarios" data-provider="scenarios" finished-at="2026-04-25T23:17:21 EDT" duration-ms="12987" status="PASS">
          <params>
            <param index="0">
              <value>
                <![CDATA["LoginPage 03: Login attempts with multiple invalid credential sets"]]>
              </value>
            </param>
            <param index="1">
              <value>
                <![CDATA["Login Functionality"]]>
              </value>
            </param>
          </params>
          <reporter-output>
            <line>
              <![CDATA[[Step] Navigating to login page]]>
            </line>
            <line>
              <![CDATA[[Step] Entering username:  and password: ]]>
            </line>
            <line>
              <![CDATA[[Step] Error message displayed: Required]]>
            </line>
          </reporter-output>
        </test-method> <!-- runScenario -->
        <test-method signature="runScenario(io.cucumber.testng.PickleWrapper,io.cucumber.testng.FeatureWrapper)[pri:0, instance:com.automation.runners.TestRunner@645aa696]" started-at="2026-04-25T23:17:08 EDT" name="runScenario" description="Runs Cucumber Scenarios" data-provider="scenarios" finished-at="2026-04-25T23:17:24 EDT" duration-ms="16142" status="PASS">
          <params>
            <param index="0">
              <value>
                <![CDATA["LoginPage 04: Successful login with plain JSON data"]]>
              </value>
            </param>
            <param index="1">
              <value>
                <![CDATA["Login Functionality"]]>
              </value>
            </param>
          </params>
          <reporter-output>
            <line>
              <![CDATA[[Step] Navigating to login page]]>
            </line>
            <line>
              <![CDATA[[Step] Entering username: ${username} and password: ${password}]]>
            </line>
            <line>
              <![CDATA[[Step] User redirected to dashboard]]>
            </line>
            <line>
              <![CDATA[[Step] Dashboard header displayed: Dashboard]]>
            </line>
          </reporter-output>
        </test-method> <!-- runScenario -->
        <test-method signature="runScenario(io.cucumber.testng.PickleWrapper,io.cucumber.testng.FeatureWrapper)[pri:0, instance:com.automation.runners.TestRunner@645aa696]" started-at="2026-04-25T23:17:09 EDT" name="runScenario" description="Runs Cucumber Scenarios" data-provider="scenarios" finished-at="2026-04-25T23:17:24 EDT" duration-ms="15463" status="PASS">
          <params>
            <param index="0">
              <value>
                <![CDATA["LoginPage 05: Successful login with JSON data as Map"]]>
              </value>
            </param>
            <param index="1">
              <value>
                <![CDATA["Login Functionality"]]>
              </value>
            </param>
          </params>
          <reporter-output>
            <line>
              <![CDATA[[Step] Navigating to login page]]>
            </line>
            <line>
              <![CDATA[[Step] Login using dataRef: ${loginData}]]>
            </line>
            <line>
              <![CDATA[[Step] Address info: street=123 Main St, city=Anytown, state=CA, zip=12345]]>
            </line>
          </reporter-output>
        </test-method> <!-- runScenario -->
        <test-method signature="runScenario(io.cucumber.testng.PickleWrapper,io.cucumber.testng.FeatureWrapper)[pri:0, instance:com.automation.runners.TestRunner@645aa696]" started-at="2026-04-25T23:17:09 EDT" name="runScenario" description="Runs Cucumber Scenarios" data-provider="scenarios" finished-at="2026-04-25T23:17:27 EDT" duration-ms="18211" status="PASS">
          <params>
            <param index="0">
              <value>
                <![CDATA["LoginPage 05: Successful login with JSON data from nested JSON file"]]>
              </value>
            </param>
            <param index="1">
              <value>
                <![CDATA["Login Functionality"]]>
              </value>
            </param>
          </params>
          <reporter-output>
            <line>
              <![CDATA[[Step] Navigating to login page]]>
            </line>
            <line>
              <![CDATA[[Step] Entering username: ${username} and password: ${password}]]>
            </line>
            <line>
              <![CDATA[[Step] Address info: street=3 Marshall St, city=Irvington, state=NJ, zip=07111]]>
            </line>
          </reporter-output>
        </test-method> <!-- runScenario -->
        <test-method is-config="true" signature="tearDownClass()[pri:0, instance:com.automation.runners.TestRunner@645aa696]" started-at="2026-04-25T23:17:27 EDT" name="tearDownClass" finished-at="2026-04-25T23:17:27 EDT" duration-ms="93" status="PASS">
          <reporter-output>
          </reporter-output>
        </test-method> <!-- tearDownClass -->
      </class> <!-- com.automation.runners.TestRunner -->
    </test> <!-- DEV_Execution -->
  </suite> <!-- Playwright BDD TestNG Suite - DEV -->
</testng-results>
