<?xml version="1.0" encoding="UTF-8"?>
<!-- Generated by org.testng.reporters.JUnitReportReporter -->
<testsuite hostname="DESKTOP-35GOPG2" failures="0" tests="22" name="com.automation.runners.TestRunner" time="161.692" errors="0" timestamp="2026-04-24T12:06:31 EDT" skipped="0">
  <testcase classname="com.automation.runners.TestRunner" name="runScenario" time="6.548">
    <system-out>
      <![CDATA[[Step] Login as Admin / admin123
[Step] Waiting for dashboard page
[Step] Quick Launch widget is visible]]>
    </system-out>
  </testcase> <!-- runScenario -->
  <testcase classname="com.automation.runners.TestRunner" name="runScenario" time="4.173">
    <system-out>
      <![CDATA[[Step] Navigating to login page
[Step] Entering username:  and password: 
[Step] Error message displayed: Required]]>
    </system-out>
  </testcase> <!-- runScenario -->
  <testcase classname="com.automation.runners.TestRunner" name="runScenario" time="6.975">
    <system-out>
      <![CDATA[[Step] Login as Admin / admin123
[Step] Waiting for dashboard page
[Step] Menu item visible: Admin]]>
    </system-out>
  </testcase> <!-- runScenario -->
  <testcase classname="com.automation.runners.TestRunner" name="runScenario" time="5.455">
    <system-out>
      <![CDATA[[Step] Navigating to login page
[Step] Entering username: invalid_user and password: invalid_pass
[Step] Error message displayed: Invalid credentials]]>
    </system-out>
  </testcase> <!-- runScenario -->
  <testcase classname="com.automation.runners.TestRunner" name="runScenario" time="6.952">
    <system-out>
      <![CDATA[[Step] Login as Admin / admin123
[Step] Waiting for dashboard page
[Step] Quick Launch shortcut visible: Leave List]]>
    </system-out>
  </testcase> <!-- runScenario -->
  <testcase classname="com.automation.runners.TestRunner" name="runScenario" time="8.084">
    <system-out>
      <![CDATA[[Step] Login as Admin / admin123
[Step] Waiting for dashboard page
[Step] Menu item visible: PIM]]>
    </system-out>
  </testcase> <!-- runScenario -->
  <testcase classname="com.automation.runners.TestRunner" name="runScenario" time="7.441">
    <system-out>
      <![CDATA[[Step] Login as Admin / admin123
[Step] Waiting for dashboard page
[Step] Menu item visible: Leave]]>
    </system-out>
  </testcase> <!-- runScenario -->
  <testcase classname="com.automation.runners.TestRunner" name="runScenario" time="5.577">
    <system-out>
      <![CDATA[[Step] Navigating to login page
[Step] Entering username: Admin and password: admin123
[Step] User redirected to dashboard
[Step] Dashboard header displayed: Dashboard]]>
    </system-out>
  </testcase> <!-- runScenario -->
  <testcase classname="com.automation.runners.TestRunner" name="runScenario" time="7.131">
    <system-out>
      <![CDATA[[Step] Login as Admin / admin123
[Step] Waiting for dashboard page
[Step] Quick Launch shortcut visible: Assign Leave]]>
    </system-out>
  </testcase> <!-- runScenario -->
  <testcase classname="com.automation.runners.TestRunner" name="runScenario" time="7.873">
    <system-out>
      <![CDATA[[Step] Login as Admin / admin123
[Step] Waiting for dashboard page
[Step] Quick Launch shortcut visible: Timesheets]]>
    </system-out>
  </testcase> <!-- runScenario -->
  <testcase classname="com.automation.runners.TestRunner" name="runScenario" time="7.167">
    <system-out>
      <![CDATA[[Step] Navigating to login page
[Step] Entering username: Admin and password: wrongpass
[Step] Error message displayed: Invalid credentials]]>
    </system-out>
  </testcase> <!-- runScenario -->
  <testcase classname="com.automation.runners.TestRunner" name="runScenario" time="5.555">
    <system-out>
      <![CDATA[[Step] Navigating to login page
[Step] Entering username: ${username} and password: ${password}
[Step] Address info: street=3 Marshall St, city=Irvington, state=NJ, zip=07111]]>
    </system-out>
  </testcase> <!-- runScenario -->
  <testcase classname="com.automation.runners.TestRunner" name="runScenario" time="5.998">
    <system-out>
      <![CDATA[[Step] Navigating to login page
[Step] Entering username: ${username} and password: ${password}
[Step] User redirected to dashboard
[Step] Dashboard header displayed: Dashboard]]>
    </system-out>
  </testcase> <!-- runScenario -->
  <testcase classname="com.automation.runners.TestRunner" name="runScenario" time="8.022">
    <system-out>
      <![CDATA[[Step] Login as Admin / admin123
[Step] Waiting for dashboard page
[Step] Quick Launch shortcut visible: My Timesheet]]>
    </system-out>
  </testcase> <!-- runScenario -->
  <testcase classname="com.automation.runners.TestRunner" name="runScenario" time="5.971">
    <system-out>
      <![CDATA[[Step] Navigating to login page
[Step] Login using dataRef: ${loginData}
[Step] Address info: street=123 Main St, city=Anytown, state=CA, zip=12345]]>
    </system-out>
  </testcase> <!-- runScenario -->
  <testcase classname="com.automation.runners.TestRunner" name="runScenario" time="5.966">
    <system-out>
      <![CDATA[[Step] Login as Admin / admin123
[Step] Waiting for dashboard page
[Step] Top navigation bar is visible]]>
    </system-out>
  </testcase> <!-- runScenario -->
  <testcase classname="com.automation.runners.TestRunner" name="runScenario" time="7.705">
    <system-out>
      <![CDATA[[Step] Login as Admin / admin123
[Step] Waiting for dashboard page
[Step] Quick Launch shortcut visible: Apply Leave]]>
    </system-out>
  </testcase> <!-- runScenario -->
  <testcase classname="com.automation.runners.TestRunner" name="runScenario" time="19.376">
    <system-out>
      <![CDATA[[Step] Login as Admin / admin123
[Step] Waiting for dashboard page
[Step] Dashboard heading is visible
[Step] Dashboard heading displayed: Dashboard]]>
    </system-out>
  </testcase> <!-- runScenario -->
  <testcase classname="com.automation.runners.TestRunner" name="runScenario" time="8.002">
    <system-out>
      <![CDATA[[Step] Login as Admin / admin123
[Step] Waiting for dashboard page
[Step] Quick Launch shortcut visible: My Leave]]>
    </system-out>
  </testcase> <!-- runScenario -->
  <testcase classname="com.automation.runners.TestRunner" name="runScenario" time="7.093">
    <system-out>
      <![CDATA[[Step] Login as Admin / admin123
[Step] Waiting for dashboard page
[Step] Menu item visible: Dashboard]]>
    </system-out>
  </testcase> <!-- runScenario -->
  <testcase classname="com.automation.runners.TestRunner" name="runScenario" time="6.118">
    <system-out>
      <![CDATA[[Step] Login as Admin / admin123
[Step] Waiting for dashboard page
[Step] Menu item visible: Time]]>
    </system-out>
  </testcase> <!-- runScenario -->
  <testcase classname="com.automation.runners.TestRunner" name="runScenario" time="8.510">
    <system-out>
      <![CDATA[[Step] Navigating to login page
[Step] Entering username: invalid_user and password: admin123
[Step] Error message displayed: Invalid credentials]]>
    </system-out>
  </testcase> <!-- runScenario -->
  <system-out>
    <![CDATA[[Step] Login as Admin / admin123
[Step] Waiting for dashboard page
[Step] Dashboard heading is visible
[Step] Dashboard heading displayed: Dashboard
[Step] Login as Admin / admin123
[Step] Waiting for dashboard page
[Step] Top navigation bar is visible
[Step] Login as Admin / admin123
[Step] Waiting for dashboard page
[Step] Menu item visible: Dashboard
[Step] Login as Admin / admin123
[Step] Waiting for dashboard page
[Step] Menu item visible: Admin
[Step] Login as Admin / admin123
[Step] Waiting for dashboard page
[Step] Menu item visible: Leave
[Step] Login as Admin / admin123
[Step] Waiting for dashboard page
[Step] Menu item visible: Time
[Step] Login as Admin / admin123
[Step] Waiting for dashboard page
[Step] Menu item visible: PIM
[Step] Login as Admin / admin123
[Step] Waiting for dashboard page
[Step] Quick Launch widget is visible
[Step] Login as Admin / admin123
[Step] Waiting for dashboard page
[Step] Quick Launch shortcut visible: Assign Leave
[Step] Login as Admin / admin123
[Step] Waiting for dashboard page
[Step] Quick Launch shortcut visible: Leave List
[Step] Login as Admin / admin123
[Step] Waiting for dashboard page
[Step] Quick Launch shortcut visible: Timesheets
[Step] Login as Admin / admin123
[Step] Waiting for dashboard page
[Step] Quick Launch shortcut visible: Apply Leave
[Step] Login as Admin / admin123
[Step] Waiting for dashboard page
[Step] Quick Launch shortcut visible: My Leave
[Step] Login as Admin / admin123
[Step] Waiting for dashboard page
[Step] Quick Launch shortcut visible: My Timesheet
[Step] Navigating to login page
[Step] Entering username: Admin and password: admin123
[Step] User redirected to dashboard
[Step] Dashboard header displayed: Dashboard
[Step] Navigating to login page
[Step] Entering username: invalid_user and password: invalid_pass
[Step] Error message displayed: Invalid credentials
[Step] Navigating to login page
[Step] Entering username: invalid_user and password: admin123
[Step] Error message displayed: Invalid credentials
[Step] Navigating to login page
[Step] Entering username: Admin and password: wrongpass
[Step] Error message displayed: Invalid credentials
[Step] Navigating to login page
[Step] Entering username:  and password: 
[Step] Error message displayed: Required
[Step] Navigating to login page
[Step] Entering username: ${username} and password: ${password}
[Step] User redirected to dashboard
[Step] Dashboard header displayed: Dashboard
[Step] Navigating to login page
[Step] Login using dataRef: ${loginData}
[Step] Address info: street=123 Main St, city=Anytown, state=CA, zip=12345
[Step] Navigating to login page
[Step] Entering username: ${username} and password: ${password}
[Step] Address info: street=3 Marshall St, city=Irvington, state=NJ, zip=07111]]>
  </system-out>
</testsuite> <!-- com.automation.runners.TestRunner -->
