<?xml version="1.0" encoding="UTF-8"?>
<!-- Generated by org.testng.reporters.JUnitReportReporter -->
<testsuite hostname="DESKTOP-35GOPG2" failures="0" tests="22" name="com.automation.runners.TestRunner" time="700.503" errors="0" timestamp="2026-04-25T23:17:27 EDT" skipped="0">
  <testcase classname="com.automation.runners.TestRunner" name="runScenario" time="40.050">
    <system-out>
      <![CDATA[[Step] Login as Admin / admin123
[Step] Waiting for dashboard page
[Step] Quick Launch shortcut visible: Leave List]]>
    </system-out>
  </testcase> <!-- runScenario -->
  <testcase classname="com.automation.runners.TestRunner" name="runScenario" time="39.398">
    <system-out>
      <![CDATA[[Step] Login as Admin / admin123
[Step] Waiting for dashboard page
[Step] Quick Launch shortcut visible: Assign Leave]]>
    </system-out>
  </testcase> <!-- runScenario -->
  <testcase classname="com.automation.runners.TestRunner" name="runScenario" time="57.956">
    <system-out>
      <![CDATA[[Step] Login as Admin / admin123
[Step] Waiting for dashboard page
[Step] Menu item visible: Leave]]>
    </system-out>
  </testcase> <!-- runScenario -->
  <testcase classname="com.automation.runners.TestRunner" name="runScenario" time="28.947">
    <system-out>
      <![CDATA[[Step] Navigating to login page
[Step] Entering username: Admin and password: admin123
[Step] User redirected to dashboard
[Step] Dashboard header displayed: Dashboard]]>
    </system-out>
  </testcase> <!-- runScenario -->
  <testcase classname="com.automation.runners.TestRunner" name="runScenario" time="16.142">
    <system-out>
      <![CDATA[[Step] Navigating to login page
[Step] Entering username: ${username} and password: ${password}
[Step] User redirected to dashboard
[Step] Dashboard header displayed: Dashboard]]>
    </system-out>
  </testcase> <!-- runScenario -->
  <testcase classname="com.automation.runners.TestRunner" name="runScenario" time="38.686">
    <system-out>
      <![CDATA[[Step] Login as Admin / admin123
[Step] Waiting for dashboard page
[Step] Menu item visible: PIM]]>
    </system-out>
  </testcase> <!-- runScenario -->
  <testcase classname="com.automation.runners.TestRunner" name="runScenario" time="15.463">
    <system-out>
      <![CDATA[[Step] Navigating to login page
[Step] Login using dataRef: ${loginData}
[Step] Address info: street=123 Main St, city=Anytown, state=CA, zip=12345]]>
    </system-out>
  </testcase> <!-- runScenario -->
  <testcase classname="com.automation.runners.TestRunner" name="runScenario" time="20.536">
    <system-out>
      <![CDATA[[Step] Login as Admin / admin123
[Step] Waiting for dashboard page
[Step] Quick Launch shortcut visible: My Leave]]>
    </system-out>
  </testcase> <!-- runScenario -->
  <testcase classname="com.automation.runners.TestRunner" name="runScenario" time="27.885">
    <system-out>
      <![CDATA[[Step] Navigating to login page
[Step] Entering username: invalid_user and password: admin123
[Step] Error message displayed: Invalid credentials]]>
    </system-out>
  </testcase> <!-- runScenario -->
  <testcase classname="com.automation.runners.TestRunner" name="runScenario" time="38.243">
    <system-out>
      <![CDATA[[Step] Login as Admin / admin123
[Step] Waiting for dashboard page
[Step] Menu item visible: Time]]>
    </system-out>
  </testcase> <!-- runScenario -->
  <testcase classname="com.automation.runners.TestRunner" name="runScenario" time="28.788">
    <system-out>
      <![CDATA[[Step] Login as Admin / admin123
[Step] Waiting for dashboard page
[Step] Quick Launch shortcut visible: Apply Leave]]>
    </system-out>
  </testcase> <!-- runScenario -->
  <testcase classname="com.automation.runners.TestRunner" name="runScenario" time="18.211">
    <system-out>
      <![CDATA[[Step] Navigating to login page
[Step] Entering username: ${username} and password: ${password}
[Step] Address info: street=3 Marshall St, city=Irvington, state=NJ, zip=07111]]>
    </system-out>
  </testcase> <!-- runScenario -->
  <testcase classname="com.automation.runners.TestRunner" name="runScenario" time="38.640">
    <system-out>
      <![CDATA[[Step] Login as Admin / admin123
[Step] Waiting for dashboard page
[Step] Dashboard heading is visible
[Step] Dashboard heading displayed: Dashboard]]>
    </system-out>
  </testcase> <!-- runScenario -->
  <testcase classname="com.automation.runners.TestRunner" name="runScenario" time="58.198">
    <system-out>
      <![CDATA[[Step] Login as Admin / admin123
[Step] Waiting for dashboard page
[Step] Menu item visible: Admin]]>
    </system-out>
  </testcase> <!-- runScenario -->
  <testcase classname="com.automation.runners.TestRunner" name="runScenario" time="38.613">
    <system-out>
      <![CDATA[[Step] Login as Admin / admin123
[Step] Waiting for dashboard page
[Step] Quick Launch widget is visible]]>
    </system-out>
  </testcase> <!-- runScenario -->
  <testcase classname="com.automation.runners.TestRunner" name="runScenario" time="58.805">
    <system-out>
      <![CDATA[[Step] Login as Admin / admin123
[Step] Waiting for dashboard page
[Step] Top navigation bar is visible]]>
    </system-out>
  </testcase> <!-- runScenario -->
  <testcase classname="com.automation.runners.TestRunner" name="runScenario" time="19.282">
    <system-out>
      <![CDATA[[Step] Navigating to login page
[Step] Entering username: invalid_user and password: invalid_pass
[Step] Error message displayed: Invalid credentials]]>
    </system-out>
  </testcase> <!-- runScenario -->
  <testcase classname="com.automation.runners.TestRunner" name="runScenario" time="29.017">
    <system-out>
      <![CDATA[[Step] Login as Admin / admin123
[Step] Waiting for dashboard page
[Step] Quick Launch shortcut visible: My Timesheet]]>
    </system-out>
  </testcase> <!-- runScenario -->
  <testcase classname="com.automation.runners.TestRunner" name="runScenario" time="12.987">
    <system-out>
      <![CDATA[[Step] Navigating to login page
[Step] Entering username:  and password: 
[Step] Error message displayed: Required]]>
    </system-out>
  </testcase> <!-- runScenario -->
  <testcase classname="com.automation.runners.TestRunner" name="runScenario" time="40.422">
    <system-out>
      <![CDATA[[Step] Login as Admin / admin123
[Step] Waiting for dashboard page
[Step] Menu item visible: Dashboard]]>
    </system-out>
  </testcase> <!-- runScenario -->
  <testcase classname="com.automation.runners.TestRunner" name="runScenario" time="21.008">
    <system-out>
      <![CDATA[[Step] Login as Admin / admin123
[Step] Waiting for dashboard page
[Step] Quick Launch shortcut visible: Timesheets]]>
    </system-out>
  </testcase> <!-- runScenario -->
  <testcase classname="com.automation.runners.TestRunner" name="runScenario" time="13.226">
    <system-out>
      <![CDATA[[Step] Navigating to login page
[Step] Entering username: Admin and password: wrongpass
[Step] Error message displayed: Invalid credentials]]>
    </system-out>
  </testcase> <!-- runScenario -->
  <system-out>
    <![CDATA[[Step] Login as Admin / admin123
[Step] Login as Admin / admin123
[Step] Login as Admin / admin123
[Step] Login as Admin / admin123
[Step] Login as Admin / admin123
[Step] Login as Admin / admin123
[Step] Login as Admin / admin123
[Step] Login as Admin / admin123
[Step] Login as Admin / admin123
[Step] Login as Admin / admin123
[Step] Waiting for dashboard page
[Step] Waiting for dashboard page
[Step] Menu item visible: Dashboard
[Step] Quick Launch shortcut visible: Assign Leave
[Step] Waiting for dashboard page
[Step] Waiting for dashboard page
[Step] Waiting for dashboard page
[Step] Quick Launch widget is visible
[Step] Menu item visible: Time
[Step] Waiting for dashboard page
[Step] Dashboard heading is visible
[Step] Dashboard heading displayed: Dashboard
[Step] Menu item visible: Admin
[Step] Waiting for dashboard page
[Step] Waiting for dashboard page
[Step] Menu item visible: PIM
[Step] Quick Launch shortcut visible: Leave List
[Step] Waiting for dashboard page
[Step] Menu item visible: Leave
[Step] Waiting for dashboard page
[Step] Top navigation bar is visible
[Step] Login as Admin / admin123
[Step] Login as Admin / admin123
[Step] Login as Admin / admin123
[Step] Login as Admin / admin123
[Step] Navigating to login page
[Step] Navigating to login page
[Step] Navigating to login page
[Step] Entering username: invalid_user and password: invalid_pass
[Step] Entering username: Admin and password: admin123
[Step] Entering username: invalid_user and password: admin123
[Step] Waiting for dashboard page
[Step] Quick Launch shortcut visible: My Leave
[Step] Waiting for dashboard page
[Step] Waiting for dashboard page
[Step] Waiting for dashboard page
[Step] Quick Launch shortcut visible: Apply Leave
[Step] Quick Launch shortcut visible: My Timesheet
[Step] Quick Launch shortcut visible: Timesheets
[Step] Error message displayed: Invalid credentials
[Step] User redirected to dashboard
[Step] Dashboard header displayed: Dashboard
[Step] Error message displayed: Invalid credentials
[Step] Navigating to login page
[Step] Navigating to login page
[Step] Navigating to login page
[Step] Entering username: Admin and password: wrongpass
[Step] Entering username:  and password: 
[Step] Navigating to login page
[Step] Navigating to login page
[Step] Login using dataRef: ${loginData}
[Step] Error message displayed: Required
[Step] Entering username: ${username} and password: ${password}
[Step] Error message displayed: Invalid credentials
[Step] Entering username: ${username} and password: ${password}
[Step] Address info: street=123 Main St, city=Anytown, state=CA, zip=12345
[Step] User redirected to dashboard
[Step] Dashboard header displayed: Dashboard
[Step] Address info: street=3 Marshall St, city=Irvington, state=NJ, zip=07111]]>
  </system-out>
</testsuite> <!-- com.automation.runners.TestRunner -->
